npm error Missing script: "start"
npm error
npm error Did you mean one of these?
npm error   npm star # Mark your favorite packages
npm error   npm stars # View packages marked as favorites
npm error
npm error To see a list of scripts, run:
npm error   npm run
npm error A complete log of this run can be found in: /home/fukaya-lab/.npm/_logs/2025-08-25T08_39_27_554Z-debug-0.log
npm error Missing script: "dec"
npm error
npm error Did you mean this?
npm error   npm run dev # run the "dev" package script
npm error
npm error To see a list of scripts, run:
npm error   npm run
npm error A complete log of this run can be found in: /home/fukaya-lab/.npm/_logs/2025-08-25T08_39_48_977Z-debug-0.log

> my-app@1.0.0 dev
> vite

[33mThe CJS build of Vite's Node API is deprecated. See https://vite.dev/guide/troubleshooting.html#vite-cjs-node-api-deprecated for more details.[39m

  VITE v5.4.19  ready in 308 ms

  ➜  Local:   http://localhost:3000/
  ➜  Network: http://10.1.0.4:3000/
